2024-12-07 12:43:30,223 - uvicorn.error - INFO - Started server process [6466] [/Users/macbookpro/Desktop/Apps Manager/venv/lib/python3.12/site-packages/uvicorn/server.py:82]
2024-12-07 12:43:30,223 - uvicorn.error - INFO - Waiting for application startup. [/Users/macbookpro/Desktop/Apps Manager/venv/lib/python3.12/site-packages/uvicorn/lifespan/on.py:48]
2024-12-07 12:43:30,224 - app - INFO - Starting FastAPI application in local environment [/Users/macbookpro/Desktop/Apps Manager/app/main.py:45]
2024-12-07 12:43:30,224 - uvicorn.error - INFO - Application startup complete. [/Users/macbookpro/Desktop/Apps Manager/venv/lib/python3.12/site-packages/uvicorn/lifespan/on.py:62]
2024-12-07 12:43:59,772 - uvicorn.access - INFO - 127.0.0.1:51032 - "GET / HTTP/1.1" 200 [/Users/macbookpro/Desktop/Apps Manager/venv/lib/python3.12/site-packages/uvicorn/protocols/http/httptools_impl.py:476]
2024-12-07 12:43:59,937 - uvicorn.access - INFO - 127.0.0.1:51032 - "GET /favicon.ico HTTP/1.1" 404 [/Users/macbookpro/Desktop/Apps Manager/venv/lib/python3.12/site-packages/uvicorn/protocols/http/httptools_impl.py:476]
2024-12-07 12:44:16,912 - uvicorn.error - INFO - Shutting down [/Users/macbookpro/Desktop/Apps Manager/venv/lib/python3.12/site-packages/uvicorn/server.py:262]
2024-12-07 12:44:17,014 - uvicorn.error - INFO - Waiting for application shutdown. [/Users/macbookpro/Desktop/Apps Manager/venv/lib/python3.12/site-packages/uvicorn/lifespan/on.py:67]
2024-12-07 12:44:17,015 - uvicorn.error - INFO - Application shutdown complete. [/Users/macbookpro/Desktop/Apps Manager/venv/lib/python3.12/site-packages/uvicorn/lifespan/on.py:76]
2024-12-07 12:44:17,015 - uvicorn.error - INFO - Finished server process [6466] [/Users/macbookpro/Desktop/Apps Manager/venv/lib/python3.12/site-packages/uvicorn/server.py:92]
2024-12-07 12:44:52,424 - uvicorn.error - INFO - Started server process [6575] [/Users/macbookpro/Desktop/Apps Manager/venv/lib/python3.12/site-packages/uvicorn/server.py:82]
2024-12-07 12:44:52,424 - uvicorn.error - INFO - Waiting for application startup. [/Users/macbookpro/Desktop/Apps Manager/venv/lib/python3.12/site-packages/uvicorn/lifespan/on.py:48]
2024-12-07 12:44:52,425 - app - INFO - Starting FastAPI application in production environment [/Users/macbookpro/Desktop/Apps Manager/app/main.py:45]
2024-12-07 12:44:52,425 - uvicorn.error - INFO - Application startup complete. [/Users/macbookpro/Desktop/Apps Manager/venv/lib/python3.12/site-packages/uvicorn/lifespan/on.py:62]
2024-12-07 12:45:21,685 - uvicorn.access - INFO - 127.0.0.1:51040 - "GET / HTTP/1.1" 200 [/Users/macbookpro/Desktop/Apps Manager/venv/lib/python3.12/site-packages/uvicorn/protocols/http/httptools_impl.py:476]
2024-12-07 12:47:08,823 - uvicorn.error - INFO - Shutting down [/Users/macbookpro/Desktop/Apps Manager/venv/lib/python3.12/site-packages/uvicorn/server.py:262]
2024-12-07 12:47:08,925 - uvicorn.error - INFO - Waiting for application shutdown. [/Users/macbookpro/Desktop/Apps Manager/venv/lib/python3.12/site-packages/uvicorn/lifespan/on.py:67]
2024-12-07 12:47:08,926 - uvicorn.error - INFO - Application shutdown complete. [/Users/macbookpro/Desktop/Apps Manager/venv/lib/python3.12/site-packages/uvicorn/lifespan/on.py:76]
2024-12-07 12:47:08,926 - uvicorn.error - INFO - Finished server process [6575] [/Users/macbookpro/Desktop/Apps Manager/venv/lib/python3.12/site-packages/uvicorn/server.py:92]
2024-12-07 15:04:30,332 - uvicorn.error - INFO - Started server process [2042] [/Users/macbookpro/Desktop/Apps Manager/venv/lib/python3.12/site-packages/uvicorn/server.py:82]
2024-12-07 15:04:30,332 - uvicorn.error - INFO - Waiting for application startup. [/Users/macbookpro/Desktop/Apps Manager/venv/lib/python3.12/site-packages/uvicorn/lifespan/on.py:48]
2024-12-07 15:04:30,333 - app - INFO - Starting FastAPI application in environment [/Users/macbookpro/Desktop/Apps Manager/app/main.py:36]
2024-12-07 15:04:30,334 - uvicorn.error - INFO - Application startup complete. [/Users/macbookpro/Desktop/Apps Manager/venv/lib/python3.12/site-packages/uvicorn/lifespan/on.py:62]
2024-12-07 15:04:49,194 - uvicorn.access - INFO - 127.0.0.1:49454 - "GET /docs HTTP/1.1" 200 [/Users/macbookpro/Desktop/Apps Manager/venv/lib/python3.12/site-packages/uvicorn/protocols/http/httptools_impl.py:476]
2024-12-07 15:04:49,822 - uvicorn.access - INFO - 127.0.0.1:49454 - "GET /openapi.json HTTP/1.1" 200 [/Users/macbookpro/Desktop/Apps Manager/venv/lib/python3.12/site-packages/uvicorn/protocols/http/httptools_impl.py:476]
2024-12-07 15:05:11,275 - uvicorn.access - INFO - 127.0.0.1:49455 - "GET /apps/ HTTP/1.1" 500 [/Users/macbookpro/Desktop/Apps Manager/venv/lib/python3.12/site-packages/uvicorn/protocols/http/httptools_impl.py:476]
2024-12-07 15:05:11,276 - uvicorn.error - ERROR - Exception in ASGI application
 [/Users/macbookpro/Desktop/Apps Manager/venv/lib/python3.12/site-packages/uvicorn/protocols/http/httptools_impl.py:414]
Traceback (most recent call last):
  File "/Users/macbookpro/Desktop/Apps Manager/venv/lib/python3.12/site-packages/uvicorn/protocols/http/httptools_impl.py", line 409, in run_asgi
    result = await app(  # type: ignore[func-returns-value]
             ^^^^^^^^^^^^^^^^^^^^^^^^^^^^^^^^^^^^^^^^^^^^^^
  File "/Users/macbookpro/Desktop/Apps Manager/venv/lib/python3.12/site-packages/uvicorn/middleware/proxy_headers.py", line 60, in __call__
    return await self.app(scope, receive, send)
           ^^^^^^^^^^^^^^^^^^^^^^^^^^^^^^^^^^^^
  File "/Users/macbookpro/Desktop/Apps Manager/venv/lib/python3.12/site-packages/fastapi/applications.py", line 1054, in __call__
    await super().__call__(scope, receive, send)
  File "/Users/macbookpro/Desktop/Apps Manager/venv/lib/python3.12/site-packages/starlette/applications.py", line 113, in __call__
    await self.middleware_stack(scope, receive, send)
  File "/Users/macbookpro/Desktop/Apps Manager/venv/lib/python3.12/site-packages/starlette/middleware/errors.py", line 187, in __call__
    raise exc
  File "/Users/macbookpro/Desktop/Apps Manager/venv/lib/python3.12/site-packages/starlette/middleware/errors.py", line 165, in __call__
    await self.app(scope, receive, _send)
  File "/Users/macbookpro/Desktop/Apps Manager/venv/lib/python3.12/site-packages/starlette/middleware/cors.py", line 85, in __call__
    await self.app(scope, receive, send)
  File "/Users/macbookpro/Desktop/Apps Manager/venv/lib/python3.12/site-packages/starlette/middleware/exceptions.py", line 62, in __call__
    await wrap_app_handling_exceptions(self.app, conn)(scope, receive, send)
  File "/Users/macbookpro/Desktop/Apps Manager/venv/lib/python3.12/site-packages/starlette/_exception_handler.py", line 53, in wrapped_app
    raise exc
  File "/Users/macbookpro/Desktop/Apps Manager/venv/lib/python3.12/site-packages/starlette/_exception_handler.py", line 42, in wrapped_app
    await app(scope, receive, sender)
  File "/Users/macbookpro/Desktop/Apps Manager/venv/lib/python3.12/site-packages/starlette/routing.py", line 715, in __call__
    await self.middleware_stack(scope, receive, send)
  File "/Users/macbookpro/Desktop/Apps Manager/venv/lib/python3.12/site-packages/starlette/routing.py", line 735, in app
    await route.handle(scope, receive, send)
  File "/Users/macbookpro/Desktop/Apps Manager/venv/lib/python3.12/site-packages/starlette/routing.py", line 288, in handle
    await self.app(scope, receive, send)
  File "/Users/macbookpro/Desktop/Apps Manager/venv/lib/python3.12/site-packages/starlette/routing.py", line 76, in app
    await wrap_app_handling_exceptions(app, request)(scope, receive, send)
  File "/Users/macbookpro/Desktop/Apps Manager/venv/lib/python3.12/site-packages/starlette/_exception_handler.py", line 53, in wrapped_app
    raise exc
  File "/Users/macbookpro/Desktop/Apps Manager/venv/lib/python3.12/site-packages/starlette/_exception_handler.py", line 42, in wrapped_app
    await app(scope, receive, sender)
  File "/Users/macbookpro/Desktop/Apps Manager/venv/lib/python3.12/site-packages/starlette/routing.py", line 73, in app
    response = await f(request)
               ^^^^^^^^^^^^^^^^
  File "/Users/macbookpro/Desktop/Apps Manager/venv/lib/python3.12/site-packages/fastapi/routing.py", line 301, in app
    raw_response = await run_endpoint_function(
                   ^^^^^^^^^^^^^^^^^^^^^^^^^^^^
  File "/Users/macbookpro/Desktop/Apps Manager/venv/lib/python3.12/site-packages/fastapi/routing.py", line 212, in run_endpoint_function
    return await dependant.call(**values)
           ^^^^^^^^^^^^^^^^^^^^^^^^^^^^^^
  File "/Users/macbookpro/Desktop/Apps Manager/app/routers/apps.py", line 26, in all_apps
    return ResponseSuccess(data=[schemas.AppsOut.model_validate(app) for app in apps])
                                 ^^^^^^^^^^^^^^^^^^^^^^^^^^^^^^^^^^^
  File "/Users/macbookpro/Desktop/Apps Manager/venv/lib/python3.12/site-packages/pydantic/main.py", line 627, in model_validate
    return cls.__pydantic_validator__.validate_python(
           ^^^^^^^^^^^^^^^^^^^^^^^^^^^^^^^^^^^^^^^^^^^
pydantic_core._pydantic_core.ValidationError: 1 validation error for AppsOut
  Input should be a valid dictionary or instance of AppsOut [type=model_type, input_value=<app.models.Apps object at 0x10b82e540>, input_type=Apps]
    For further information visit https://errors.pydantic.dev/2.10/v/model_type
2024-12-07 15:05:39,889 - uvicorn.error - INFO - Shutting down [/Users/macbookpro/Desktop/Apps Manager/venv/lib/python3.12/site-packages/uvicorn/server.py:262]
2024-12-07 15:05:39,990 - uvicorn.error - INFO - Waiting for application shutdown. [/Users/macbookpro/Desktop/Apps Manager/venv/lib/python3.12/site-packages/uvicorn/lifespan/on.py:67]
2024-12-07 15:05:39,991 - uvicorn.error - INFO - Application shutdown complete. [/Users/macbookpro/Desktop/Apps Manager/venv/lib/python3.12/site-packages/uvicorn/lifespan/on.py:76]
2024-12-07 15:05:39,991 - uvicorn.error - INFO - Finished server process [2042] [/Users/macbookpro/Desktop/Apps Manager/venv/lib/python3.12/site-packages/uvicorn/server.py:92]
